<?xml version="1.0" encoding="UTF-8"?>
<testsuite xmlns:xsi="http://www.w3.org/2001/XMLSchema-instance" xsi:noNamespaceSchemaLocation="https://maven.apache.org/surefire/maven-surefire-plugin/xsd/surefire-test-report-3.0.xsd" version="3.0" name="daleksAPI.TestsSwagger" time="6.283" tests="4" errors="0" skipped="0" failures="0">
  <properties>
[...]
</properties>
  <testcase name="putUpdateUserTest" classname="daleksAPI.TestsSwagger" time="2.102">
    <system-out><![CDATA[{
    "code": 200,
    "type": "unknown",
    "message": "999"
}
]]></system-out>
  </testcase>
  <testcase name="getUserByNameTest" classname="daleksAPI.TestsSwagger" time="2.244">
    <system-out><![CDATA[{
    "id": 6874986186,
    "username": "string",
    "firstName": "string",
    "lastName": "string",
    "email": "string",
    "password": "string",
    "phone": "string",
    "userStatus": 0
}
{
    "code": 1,
    "type": "error",
    "message": "User not found"
}
]]></system-out>
  </testcase>
  <testcase name="deleteUser" classname="daleksAPI.TestsSwagger" time="0.943">
    <system-out><![CDATA[{
    "code": 200,
    "type": "unknown",
    "message": "TheBestWolf"
}
]]></system-out>
  </testcase>
  <testcase name="postNewUserTest" classname="daleksAPI.TestsSwagger" time="0.981">
    <system-out><![CDATA[HTTP/1.1 200 OK
Date: Thu, 02 Jun 2022 05:45:36 GMT
Content-Type: application/json
Transfer-Encoding: chunked
Connection: keep-alive
Access-Control-Allow-Origin: *
Access-Control-Allow-Methods: GET, POST, DELETE, PUT
Access-Control-Allow-Headers: Content-Type, api_key, Authorization
Server: Jetty(9.2.9.v20150224)

{
    "code": 200,
    "type": "unknown",
    "message": "394"
}
]]></system-out>
  </testcase>
</testsuite>